<?xml version="1.0" encoding="UTF-8"?>
<!-- Generated by org.testng.reporters.JUnitReportReporter -->
<testsuite hostname="KALYANI-PC" failures="0" tests="3" name="SayHi" time="81.770" errors="0" timestamp="2024-03-15T12:55:01 GMT-05:00" skipped="0">
  <testcase classname="SayHi" name="invokeFirefox" time="36.212"/>
  <testcase classname="SayHi" name="invokeChrome" time="19.881"/>
  <testcase classname="SayHi" name="invokeEdge" time="25.677"/>
</testsuite> <!-- SayHi -->
